<?xml version="1.0" encoding="UTF-8"?>
<!-- Generated by org.testng.reporters.JUnitXMLReporter -->
<testsuite ignored="0" hostname="LMMUMLP1233" failures="0" tests="2" name="Firefox_Test" time="11.163" errors="0" timestamp="2024-01-30T16:56:45 IST">
  <testcase classname="TestNgPackage.MultipleBrowser" name="f" time="0.0">
    <skipped/>
  </testcase> <!-- f -->
  <testcase classname="TestNgPackage.MultipleBrowser" name="f" time="0.0">
    <skipped/>
  </testcase> <!-- f -->
</testsuite> <!-- Firefox_Test -->
