<?xml version="1.0" encoding="UTF-8"?>
<!-- Generated by org.testng.reporters.JUnitXMLReporter -->
<testsuite ignored="2" hostname="LMMUMLP1233" failures="0" tests="3" name="Test" time="0.077" errors="0" timestamp="2024-01-25T10:52:20 IST">
  <testcase classname="TestNgPackage.NewTest" name="test3" time="0.009"/>
  <testcase classname="TestNgPackage.NewTest" name="test4" time="0.001"/>
  <testcase classname="Pac_selenium2024.pactesting" name="f" time="0.001"/>
  <testcase classname="TestNgPackage.NewTest" name="test1" time="0.0">
    <ignored/>
  </testcase> <!-- test1 -->
  <testcase classname="TestNgPackage.NewTest" name="test2" time="0.0">
    <ignored/>
  </testcase> <!-- test2 -->
</testsuite> <!-- Test -->
